<?xml version="1.0" encoding="UTF-8"?>
<testsuite name="ua.stqa.training.selenium.myFirstTest" tests="1" skipped="0" failures="0" errors="0" timestamp="2016-11-19T08:52:25" hostname="ALex" time="4.224">
  <properties/>
  <testcase name="myFirstTest" classname="ua.stqa.training.selenium.myFirstTest" time="4.224"/>
  <system-out><![CDATA[Capabilities [{applicationCacheEnabled=false, rotatable=false, mobileEmulationEnabled=false, networkConnectionEnabled=false, chrome={chromedriverVersion=2.25.426923 (0390b88869384d6eb0d5d09729679f934aab9eed), userDataDir=C:\Users\ALEXAN~1\AppData\Local\Temp\scoped_dir12444_1568}, takesHeapSnapshot=true, pageLoadStrategy=normal, databaseEnabled=false, handlesAlerts=true, hasTouchScreen=false, version=54.0.2840.99, platform=WIN8_1, browserConnectionEnabled=false, nativeEvents=true, acceptSslCerts=true, locationContextEnabled=true, webStorageEnabled=true, browserName=chrome, takesScreenshot=true, javascriptEnabled=true, cssSelectorsEnabled=true}]
]]></system-out>
  <system-err><![CDATA[Starting ChromeDriver 2.25.426923 (0390b88869384d6eb0d5d09729679f934aab9eed) on port 14780
Only local connections are allowed.
Nov 19, 2016 10:52:26 AM org.openqa.selenium.remote.ProtocolHandshake createSession
INFO: Attempting bi-dialect session, assuming Postel's Law holds true on the remote end
Nov 19, 2016 10:52:27 AM org.openqa.selenium.remote.ProtocolHandshake createSession
INFO: Detected dialect: OSS
]]></system-err>
</testsuite>
